#
# There is insufficient memory for the Java Runtime Environment to continue.
# Native memory allocation (malloc) failed to allocate 1059856 bytes for Chunk::new
# Possible reasons:
#   The system is out of physical RAM or swap space
#   In 32 bit mode, the process size limit was hit
# Possible solutions:
#   Reduce memory load on the system
#   Increase physical memory or swap space
#   Check if swap backing store is full
#   Use 64 bit Java on a 64 bit OS
#   Decrease Java heap size (-Xmx/-Xms)
#   Decrease number of Java threads
#   Decrease Java thread stack sizes (-Xss)
#   Set larger code cache with -XX:ReservedCodeCacheSize=
# This output file may be truncated or incomplete.
#
#  Out of Memory Error (allocation.cpp:390), pid=4920, tid=10084
#
# JRE version: Java(TM) SE Runtime Environment (8.0_77-b03) (build 1.8.0_77-b03)
# Java VM: Java HotSpot(TM) 64-Bit Server VM (25.77-b03 mixed mode windows-amd64 compressed oops)
# Failed to write core dump. Minidumps are not enabled by default on client versions of Windows
#

---------------  T H R E A D  ---------------

Current thread (0x00000000148a0000):  JavaThread "C2 CompilerThread1" daemon [_thread_in_native, id=10084, stack(0x0000000015fd0000,0x00000000160d0000)]

Stack: [0x0000000015fd0000,0x00000000160d0000]
[error occurred during error reporting (printing stack bounds), id 0xc0000005]

Native frames: (J=compiled Java code, j=interpreted, Vv=VM code, C=native code)


Current CompileTask:
C2:   7887 1772       4       com.android.dx.rop.code.LocalVariableExtractor::processBlock (327 bytes)


---------------  P R O C E S S  ---------------

Java Threads: ( => current thread )
  0x000000001652a800 JavaThread "pool-2-thread-4" [_thread_in_Java, id=11492, stack(0x0000000016bd0000,0x0000000016cd0000)]
  0x0000000016527000 JavaThread "pool-2-thread-3" [_thread_in_Java, id=4164, stack(0x0000000016ad0000,0x0000000016bd0000)]
  0x0000000016472000 JavaThread "pool-2-thread-2" [_thread_in_Java, id=6776, stack(0x00000000169d0000,0x0000000016ad0000)]
  0x000000001646f000 JavaThread "pool-3-thread-1" [_thread_blocked, id=8188, stack(0x00000000168d0000,0x00000000169d0000)]
  0x0000000016539800 JavaThread "pool-2-thread-1" [_thread_in_Java, id=10428, stack(0x00000000167d0000,0x00000000168d0000)]
  0x00000000161d5800 JavaThread "Service Thread" daemon [_thread_blocked, id=15392, stack(0x00000000165d0000,0x00000000166d0000)]
  0x00000000148fc000 JavaThread "C1 CompilerThread2" daemon [_thread_blocked, id=8936, stack(0x00000000160d0000,0x00000000161d0000)]
=>0x00000000148a0000 JavaThread "C2 CompilerThread1" daemon [_thread_in_native, id=10084, stack(0x0000000015fd0000,0x00000000160d0000)]
  0x000000001489e000 JavaThread "C2 CompilerThread0" daemon [_thread_in_native, id=11788, stack(0x0000000015ed0000,0x0000000015fd0000)]
  0x000000001489b000 JavaThread "Attach Listener" daemon [_thread_blocked, id=15552, stack(0x0000000015dd0000,0x0000000015ed0000)]
  0x0000000014899800 JavaThread "Signal Dispatcher" daemon [_thread_blocked, id=6696, stack(0x0000000015cd0000,0x0000000015dd0000)]
  0x000000001488a800 JavaThread "Finalizer" daemon [_thread_blocked, id=2820, stack(0x0000000015af0000,0x0000000015bf0000)]
  0x000000000219f800 JavaThread "Reference Handler" daemon [_thread_blocked, id=16616, stack(0x00000000159f0000,0x0000000015af0000)]
  0x00000000020b2800 JavaThread "main" [_thread_blocked, id=8836, stack(0x0000000001f90000,0x0000000002090000)]

Other Threads:
  0x0000000014868000 VMThread [stack: 0x00000000158f0000,0x00000000159f0000] [id=13824]
  0x00000000161fa800 WatcherThread [stack: 0x00000000166d0000,0x00000000167d0000] [id=12316]

VM state:not at safepoint (normal execution)

VM Mutex/Monitor currently owned by a thread: None

Heap:
 PSYoungGen      total 143872K, used 142229K [0x00000000eab00000, 0x00000000f4c00000, 0x0000000100000000)
  eden space 129024K, 100% used [0x00000000eab00000,0x00000000f2900000,0x00000000f2900000)
  from space 14848K, 88% used [0x00000000f3980000,0x00000000f4665598,0x00000000f4800000)
  to   space 16896K, 0% used [0x00000000f2900000,0x00000000f2900000,0x00000000f3980000)
 ParOldGen       total 44032K, used 22901K [0x00000000c0000000, 0x00000000c2b00000, 0x00000000eab00000)
  object space 44032K, 52% used [0x00000000c0000000,0x00000000c165d520,0x00000000c2b00000)
 Metaspace       used 6543K, capacity 7256K, committed 7424K, reserved 1056768K
  class space    used 625K, capacity 656K, committed 768K, reserved 1048576K

Card table byte_map: [0x0000000011570000,0x0000000011780000] byte_map_base: 0x0000000010f70000

Marking Bits: (ParMarkBitMap*) 0x00000000622f0600
 Begin Bits: [0x0000000011ce0000, 0x0000000012ce0000)
 End Bits:   [0x0000000012ce0000, 0x0000000013ce0000)

Polling page: 0x0000000001f40000

CodeCache: size=245760Kb used=9001Kb max_used=9015Kb free=236759Kb
 bounds [0x00000000021b0000, 0x0000000002a90000, 0x00000000111b0000]
 total_blobs=2273 nmethods=2003 adapters=182
 compilation: enabled

Compilation events (10 events):
Event: 7.613 Thread 0x00000000148fc000 2057       2       java.util.HashMap::putVal (300 bytes)
Event: 7.615 Thread 0x00000000148fc000 nmethod 2057 0x0000000002a47a50 code [0x0000000002a47c60, 0x0000000002a48378]
Event: 7.616 Thread 0x00000000148fc000 2058   !   2       com.android.dx.cf.code.BytecodeArray::parseInstruction (2764 bytes)
Event: 7.631 Thread 0x00000000148fc000 nmethod 2058 0x0000000002a75810 code [0x0000000002a76740, 0x0000000002a7cc68]
Event: 7.727 Thread 0x000000001489e000 nmethod 1903 0x0000000002a56410 code [0x0000000002a566c0, 0x0000000002a58bc8]
Event: 7.727 Thread 0x000000001489e000 2059       4       java.io.DataInputStream::readUnsignedShort (39 bytes)
Event: 7.737 Thread 0x000000001489e000 nmethod 2059 0x0000000002a45810 code [0x0000000002a45980, 0x0000000002a46018]
Event: 7.737 Thread 0x000000001489e000 2060   !   4       com.android.dx.cf.code.BytecodeArray::parseInstruction (2764 bytes)
Event: 7.800 Thread 0x00000000148fc000 2063       2       com.android.dx.cf.direct.AnnotationParser::<init> (69 bytes)
Event: 7.801 Thread 0x00000000148fc000 nmethod 2063 0x0000000002a44e10 code [0x0000000002a44fc0, 0x0000000002a454e8]

GC Heap History (10 events):
Event: 3.182 GC heap before
{Heap before GC invocations=2 (full 0):
 PSYoungGen      total 18944K, used 17973K [0x00000000eab00000, 0x00000000ed000000, 0x0000000100000000)
  eden space 16384K, 100% used [0x00000000eab00000,0x00000000ebb00000,0x00000000ebb00000)
  from space 2560K, 62% used [0x00000000ebb00000,0x00000000ebc8d598,0x00000000ebd80000)
  to   space 2560K, 0% used [0x00000000ecd80000,0x00000000ecd80000,0x00000000ed000000)
 ParOldGen       total 44032K, used 8K [0x00000000c0000000, 0x00000000c2b00000, 0x00000000eab00000)
  object space 44032K, 0% used [0x00000000c0000000,0x00000000c0002000,0x00000000c2b00000)
 Metaspace       used 5931K, capacity 6832K, committed 7040K, reserved 1056768K
  class space    used 602K, capacity 616K, committed 640K, reserved 1048576K
Event: 3.212 GC heap after
Heap after GC invocations=2 (full 0):
 PSYoungGen      total 35328K, used 2535K [0x00000000eab00000, 0x00000000ed000000, 0x0000000100000000)
  eden space 32768K, 0% used [0x00000000eab00000,0x00000000eab00000,0x00000000ecb00000)
  from space 2560K, 99% used [0x00000000ecd80000,0x00000000ecff9e38,0x00000000ed000000)
  to   space 2560K, 0% used [0x00000000ecb00000,0x00000000ecb00000,0x00000000ecd80000)
 ParOldGen       total 44032K, used 2427K [0x00000000c0000000, 0x00000000c2b00000, 0x00000000eab00000)
  object space 44032K, 5% used [0x00000000c0000000,0x00000000c025edb0,0x00000000c2b00000)
 Metaspace       used 5931K, capacity 6832K, committed 7040K, reserved 1056768K
  class space    used 602K, capacity 616K, committed 640K, reserved 1048576K
}
Event: 4.291 GC heap before
{Heap before GC invocations=3 (full 0):
 PSYoungGen      total 35328K, used 35303K [0x00000000eab00000, 0x00000000ed000000, 0x0000000100000000)
  eden space 32768K, 100% used [0x00000000eab00000,0x00000000ecb00000,0x00000000ecb00000)
  from space 2560K, 99% used [0x00000000ecd80000,0x00000000ecff9e38,0x00000000ed000000)
  to   space 2560K, 0% used [0x00000000ecb00000,0x00000000ecb00000,0x00000000ecd80000)
 ParOldGen       total 44032K, used 2427K [0x00000000c0000000, 0x00000000c2b00000, 0x00000000eab00000)
  object space 44032K, 5% used [0x00000000c0000000,0x00000000c025edb0,0x00000000c2b00000)
 Metaspace       used 6179K, capacity 7090K, committed 7296K, reserved 1056768K
  class space    used 604K, capacity 618K, committed 640K, reserved 1048576K
Event: 4.313 GC heap after
Heap after GC invocations=3 (full 0):
 PSYoungGen      total 35328K, used 2545K [0x00000000eab00000, 0x00000000ef000000, 0x0000000100000000)
  eden space 32768K, 0% used [0x00000000eab00000,0x00000000eab00000,0x00000000ecb00000)
  from space 2560K, 99% used [0x00000000ecb00000,0x00000000ecd7c708,0x00000000ecd80000)
  to   space 2560K, 0% used [0x00000000eed80000,0x00000000eed80000,0x00000000ef000000)
 ParOldGen       total 44032K, used 7789K [0x00000000c0000000, 0x00000000c2b00000, 0x00000000eab00000)
  object space 44032K, 17% used [0x00000000c0000000,0x00000000c079b4a8,0x00000000c2b00000)
 Metaspace       used 6179K, capacity 7090K, committed 7296K, reserved 1056768K
  class space    used 604K, capacity 618K, committed 640K, reserved 1048576K
}
Event: 5.192 GC heap before
{Heap before GC invocations=4 (full 0):
 PSYoungGen      total 35328K, used 35313K [0x00000000eab00000, 0x00000000ef000000, 0x0000000100000000)
  eden space 32768K, 100% used [0x00000000eab00000,0x00000000ecb00000,0x00000000ecb00000)
  from space 2560K, 99% used [0x00000000ecb00000,0x00000000ecd7c708,0x00000000ecd80000)
  to   space 2560K, 0% used [0x00000000eed80000,0x00000000eed80000,0x00000000ef000000)
 ParOldGen       total 44032K, used 7789K [0x00000000c0000000, 0x00000000c2b00000, 0x00000000eab00000)
  object space 44032K, 17% used [0x00000000c0000000,0x00000000c079b4a8,0x00000000c2b00000)
 Metaspace       used 6213K, capacity 7090K, committed 7296K, reserved 1056768K
  class space    used 604K, capacity 618K, committed 640K, reserved 1048576K
Event: 5.224 GC heap after
Heap after GC invocations=4 (full 0):
 PSYoungGen      total 68096K, used 2545K [0x00000000eab00000, 0x00000000ef000000, 0x0000000100000000)
  eden space 65536K, 0% used [0x00000000eab00000,0x00000000eab00000,0x00000000eeb00000)
  from space 2560K, 99% used [0x00000000eed80000,0x00000000eeffc708,0x00000000ef000000)
  to   space 2560K, 0% used [0x00000000eeb00000,0x00000000eeb00000,0x00000000eed80000)
 ParOldGen       total 44032K, used 12161K [0x00000000c0000000, 0x00000000c2b00000, 0x00000000eab00000)
  object space 44032K, 27% used [0x00000000c0000000,0x00000000c0be0578,0x00000000c2b00000)
 Metaspace       used 6213K, capacity 7090K, committed 7296K, reserved 1056768K
  class space    used 604K, capacity 618K, committed 640K, reserved 1048576K
}
Event: 5.830 GC heap before
{Heap before GC invocations=5 (full 0):
 PSYoungGen      total 68096K, used 68081K [0x00000000eab00000, 0x00000000ef000000, 0x0000000100000000)
  eden space 65536K, 100% used [0x00000000eab00000,0x00000000eeb00000,0x00000000eeb00000)
  from space 2560K, 99% used [0x00000000eed80000,0x00000000eeffc708,0x00000000ef000000)
  to   space 2560K, 0% used [0x00000000eeb00000,0x00000000eeb00000,0x00000000eed80000)
 ParOldGen       total 44032K, used 12161K [0x00000000c0000000, 0x00000000c2b00000, 0x00000000eab00000)
  object space 44032K, 27% used [0x00000000c0000000,0x00000000c0be0578,0x00000000c2b00000)
 Metaspace       used 6296K, capacity 7154K, committed 7296K, reserved 1056768K
  class space    used 605K, capacity 618K, committed 640K, reserved 1048576K
Event: 5.863 GC heap after
Heap after GC invocations=5 (full 0):
 PSYoungGen      total 68096K, used 2532K [0x00000000eab00000, 0x00000000f4800000, 0x0000000100000000)
  eden space 65536K, 0% used [0x00000000eab00000,0x00000000eab00000,0x00000000eeb00000)
  from space 2560K, 98% used [0x00000000eeb00000,0x00000000eed791b8,0x00000000eed80000)
  to   space 14848K, 0% used [0x00000000f3980000,0x00000000f3980000,0x00000000f4800000)
 ParOldGen       total 44032K, used 22891K [0x00000000c0000000, 0x00000000c2b00000, 0x00000000eab00000)
  object space 44032K, 51% used [0x00000000c0000000,0x00000000c165ae68,0x00000000c2b00000)
 Metaspace       used 6296K, capacity 7154K, committed 7296K, reserved 1056768K
  class space    used 605K, capacity 618K, committed 640K, reserved 1048576K
}
Event: 6.334 GC heap before
{Heap before GC invocations=6 (full 0):
 PSYoungGen      total 68096K, used 68068K [0x00000000eab00000, 0x00000000f4800000, 0x0000000100000000)
  eden space 65536K, 100% used [0x00000000eab00000,0x00000000eeb00000,0x00000000eeb00000)
  from space 2560K, 98% used [0x00000000eeb00000,0x00000000eed791b8,0x00000000eed80000)
  to   space 14848K, 0% used [0x00000000f3980000,0x00000000f3980000,0x00000000f4800000)
 ParOldGen       total 44032K, used 22891K [0x00000000c0000000, 0x00000000c2b00000, 0x00000000eab00000)
  object space 44032K, 51% used [0x00000000c0000000,0x00000000c165ae68,0x00000000c2b00000)
 Metaspace       used 6409K, capacity 7218K, committed 7296K, reserved 1056768K
  class space    used 605K, capacity 618K, committed 640K, reserved 1048576K
Event: 6.371 GC heap after
Heap after GC invocations=6 (full 0):
 PSYoungGen      total 143872K, used 13205K [0x00000000eab00000, 0x00000000f4c00000, 0x0000000100000000)
  eden space 129024K, 0% used [0x00000000eab00000,0x00000000eab00000,0x00000000f2900000)
  from space 14848K, 88% used [0x00000000f3980000,0x00000000f4665598,0x00000000f4800000)
  to   space 16896K, 0% used [0x00000000f2900000,0x00000000f2900000,0x00000000f3980000)
 ParOldGen       total 44032K, used 22891K [0x00000000c0000000, 0x00000000c2b00000, 0x00000000eab00000)
  object space 44032K, 51% used [0x00000000c0000000,0x00000000c165ae68,0x00000000c2b00000)
 Metaspace       used 6409K, capacity 7218K, committed 7296K, reserved 1056768K
  class space    used 605K, capacity 618K, committed 640K, reserved 1048576K
}

Deoptimization events (10 events):
Event: 7.113 Thread 0x00000000020b2800 Uncommon trap: reason=unstable_if action=reinterpret pc=0x00000000026aac04 method=java.util.HashMap.getNode(ILjava/lang/Object;)Ljava/util/HashMap$Node; @ 84
Event: 7.175 Thread 0x0000000016472000 Uncommon trap: reason=unstable_if action=reinterpret pc=0x00000000027d68cc method=com.android.dx.ssa.MoveParamCombiner$1.visitNonMoveInsn(Lcom/android/dx/ssa/NormalSsaInsn;)V @ 27
Event: 7.318 Thread 0x0000000016539800 Uncommon trap: reason=bimorphic action=maybe_recompile pc=0x00000000027fc5f8 method=com.android.dx.ssa.LiteralOpUpgrader.tryReplacingWithConstant(Lcom/android/dx/ssa/NormalSsaInsn;)Z @ 62
Event: 7.325 Thread 0x0000000016539800 Uncommon trap: reason=bimorphic action=maybe_recompile pc=0x00000000027fc5f8 method=com.android.dx.ssa.LiteralOpUpgrader.tryReplacingWithConstant(Lcom/android/dx/ssa/NormalSsaInsn;)Z @ 62
Event: 7.586 Thread 0x0000000016472000 Uncommon trap: reason=unstable_if action=reinterpret pc=0x000000000299186c method=java.util.HashMap.putVal(ILjava/lang/Object;Ljava/lang/Object;ZZ)Ljava/lang/Object; @ 109
Event: 7.612 Thread 0x0000000016472000 Uncommon trap: reason=bimorphic action=maybe_recompile pc=0x0000000002a62128 method=com.android.dx.cf.code.BytecodeArray.parseInstruction(ILcom/android/dx/cf/code/BytecodeArray$Visitor;)I @ 971
Event: 7.612 Thread 0x0000000016472000 Uncommon trap: reason=bimorphic action=maybe_recompile pc=0x0000000002a61ef8 method=com.android.dx.cf.code.BytecodeArray.parseInstruction(ILcom/android/dx/cf/code/BytecodeArray$Visitor;)I @ 907
Event: 7.612 Thread 0x0000000016472000 Uncommon trap: reason=bimorphic action=maybe_recompile pc=0x0000000002a62648 method=com.android.dx.cf.code.BytecodeArray.parseInstruction(ILcom/android/dx/cf/code/BytecodeArray$Visitor;)I @ 1224
Event: 7.612 Thread 0x0000000016472000 Uncommon trap: reason=bimorphic action=maybe_recompile pc=0x0000000002a61f84 method=com.android.dx.cf.code.BytecodeArray.parseInstruction(ILcom/android/dx/cf/code/BytecodeArray$Visitor;)I @ 923
Event: 7.613 Thread 0x0000000016472000 Uncommon trap: reason=bimorphic action=maybe_recompile pc=0x0000000002a62648 method=com.android.dx.cf.code.BytecodeArray.parseInstruction(ILcom/android/dx/cf/code/BytecodeArray$Visitor;)I @ 1224

Internal exceptions (8 events):
Event: 0.166 Thread 0x00000000020b2800 Exception <a 'java/lang/NoSuchMethodError': Method sun.misc.Unsafe.defineClass(Ljava/lang/String;[BII)Ljava/lang/Class; name or signature does not match> (0x00000000eab07cc0) thrown at [D:\re\workspace\8-2-build-windows-amd64-cygwin\jdk8u77\6540\hotspot\sro€içìTÅ?
Event: 0.167 Thread 0x00000000020b2800 Exception <a 'java/lang/NoSuchMethodError': Method sun.misc.Unsafe.prefetchRead(Ljava/lang/Object;J)V name or signature does not match> (0x00000000eab07fa8) thrown at [D:\re\workspace\8-2-build-windows-amd64-cygwin\jdk8u77\6540\hotspot\src\share\vm\prims\jÝl~Ê
Event: 3.149 Thread 0x0000000016472000 Implicit null exception at 0x00000000024f7222 to 0x00000000024f7321
Event: 6.313 Thread 0x0000000016539800 Implicit null exception at 0x0000000002805f96 to 0x0000000002807045
Event: 6.385 Thread 0x0000000016539800 Implicit null exception at 0x000000000281b938 to 0x000000000281ce7d
Event: 7.109 Thread 0x00000000020b2800 Exception <a 'java/lang/ArrayIndexOutOfBoundsException': 18> (0x00000000ede08038) thrown at [D:\re\workspace\8-2-build-windows-amd64-cygwin\jdk8u77\6540\hotspot\src\share\vm\interpreter\interpreterRuntime.cpp, line 366]
Event: 7.110 Thread 0x00000000020b2800 Exception <a 'java/lang/ArrayIndexOutOfBoundsException': 145> (0x00000000ede09bb8) thrown at [D:\re\workspace\8-2-build-windows-amd64-cygwin\jdk8u77\6540\hotspot\src\share\vm\interpreter\interpreterRuntime.cpp, line 366]
Event: 7.112 Thread 0x00000000020b2800 Exception <a 'java/lang/ArrayIndexOutOfBoundsException'> (0x00000000ede0aea0) thrown at [D:\re\workspace\8-2-build-windows-amd64-cygwin\jdk8u77\6540\hotspot\src\share\vm\runtime\sharedRuntime.cpp, line 605]

Events (10 events):
Event: 7.612 Thread 0x0000000016472000 DEOPT UNPACKING pc=0x00000000021f582a sp=0x0000000016acebe8 mode 2
Event: 7.612 Thread 0x0000000016472000 Uncommon trap: trap_request=0xffffffc6 fr.pc=0x0000000002a62648
Event: 7.612 Thread 0x0000000016472000 DEOPT PACKING pc=0x0000000002a62648 sp=0x0000000016acec10
Event: 7.612 Thread 0x0000000016472000 DEOPT UNPACKING pc=0x00000000021f582a sp=0x0000000016acebe8 mode 2
Event: 7.612 Thread 0x0000000016472000 Uncommon trap: trap_request=0xffffffc6 fr.pc=0x0000000002a61f84
Event: 7.612 Thread 0x0000000016472000 DEOPT PACKING pc=0x0000000002a61f84 sp=0x0000000016acec10
Event: 7.612 Thread 0x0000000016472000 DEOPT UNPACKING pc=0x00000000021f582a sp=0x0000000016acebe8 mode 2
Event: 7.613 Thread 0x0000000016472000 Uncommon trap: trap_request=0xffffffc6 fr.pc=0x0000000002a62648
Event: 7.613 Thread 0x0000000016472000 DEOPT PACKING pc=0x0000000002a62648 sp=0x0000000016acec10
Event: 7.613 Thread 0x0000000016472000 DEOPT UNPACKING pc=0x00000000021f582a sp=0x0000000016acebe8 mode 2


Dynamic libraries:
0x00007ff76c7d0000 - 0x00007ff76c807000 	C:\Program Files\Java\jdk1.8.0_77\bin\java.exe
0x00007ff8357b0000 - 0x00007ff835971000 	C:\WINDOWS\SYSTEM32\ntdll.dll
0x00007ff8352a0000 - 0x00007ff83534d000 	C:\WINDOWS\system32\KERNEL32.DLL
0x00007ff832710000 - 0x00007ff8328f8000 	C:\WINDOWS\system32\KERNELBASE.dll
0x00007ff832bb0000 - 0x00007ff832c57000 	C:\WINDOWS\system32\ADVAPI32.dll
0x00007ff834850000 - 0x00007ff8348ed000 	C:\WINDOWS\system32\msvcrt.dll
0x00007ff8348f0000 - 0x00007ff83494b000 	C:\WINDOWS\system32\sechost.dll
0x00007ff834ee0000 - 0x00007ff834ffc000 	C:\WINDOWS\system32\RPCRT4.dll
0x00007ff834d80000 - 0x00007ff834ed6000 	C:\WINDOWS\system32\USER32.dll
0x00007ff834290000 - 0x00007ff834416000 	C:\WINDOWS\system32\GDI32.dll
0x00007ff827630000 - 0x00007ff8278a4000 	C:\WINDOWS\WinSxS\amd64_microsoft.windows.common-controls_6595b64144ccf1df_6.0.10586.0_none_8c15ae12515e1c22\COMCTL32.dll
0x00007ff834b00000 - 0x00007ff834d7d000 	C:\WINDOWS\system32\combase.dll
0x00007ff832900000 - 0x00007ff83296a000 	C:\WINDOWS\system32\bcryptPrimitives.dll
0x00007ff834ac0000 - 0x00007ff834afb000 	C:\WINDOWS\system32\IMM32.DLL
0x0000000061660000 - 0x0000000061732000 	C:\Program Files\Java\jdk1.8.0_77\jre\bin\msvcr100.dll
0x0000000061ae0000 - 0x0000000062370000 	C:\Program Files\Java\jdk1.8.0_77\jre\bin\server\jvm.dll
0x00007ff835730000 - 0x00007ff835738000 	C:\WINDOWS\system32\PSAPI.DLL
0x00007ff827240000 - 0x00007ff827249000 	C:\WINDOWS\SYSTEM32\WSOCK32.dll
0x00007ff835510000 - 0x00007ff83557b000 	C:\WINDOWS\system32\WS2_32.dll
0x00007ff8302a0000 - 0x00007ff8302c3000 	C:\WINDOWS\SYSTEM32\WINMM.dll
0x00007ff828e30000 - 0x00007ff828e3a000 	C:\WINDOWS\SYSTEM32\VERSION.dll
0x00007ff830270000 - 0x00007ff83029c000 	C:\WINDOWS\SYSTEM32\WINMMBASE.dll
0x00007ff832970000 - 0x00007ff8329b3000 	C:\WINDOWS\system32\cfgmgr32.dll
0x00000000627f0000 - 0x00000000627ff000 	C:\Program Files\Java\jdk1.8.0_77\jre\bin\verify.dll
0x00000000627c0000 - 0x00000000627e9000 	C:\Program Files\Java\jdk1.8.0_77\jre\bin\java.dll
0x00000000627a0000 - 0x00000000627b6000 	C:\Program Files\Java\jdk1.8.0_77\jre\bin\zip.dll
0x00007ff832cd0000 - 0x00007ff83422c000 	C:\WINDOWS\system32\SHELL32.dll
0x00007ff8320c0000 - 0x00007ff832705000 	C:\WINDOWS\system32\windows.storage.dll
0x00007ff832c60000 - 0x00007ff832cb2000 	C:\WINDOWS\system32\shlwapi.dll
0x00007ff831e20000 - 0x00007ff831e2f000 	C:\WINDOWS\system32\kernel.appcore.dll
0x00007ff832000000 - 0x00007ff8320b5000 	C:\WINDOWS\system32\shcore.dll
0x00007ff831dd0000 - 0x00007ff831e1b000 	C:\WINDOWS\system32\powrprof.dll
0x00007ff831e30000 - 0x00007ff831e44000 	C:\WINDOWS\system32\profapi.dll

VM Arguments:
jvm_args: -Djava.awt.headless=true -Xmx1024M -Dfile.encoding=windows-1252 -Duser.country=US -Duser.language=en -Duser.variant 
java_command: com.android.dx.command.Main --dex --force-jumbo --num-threads=4 --multi-dex --output C:\Users\Prat\AndroidStudioProjects\ContactsRanked\contactsranked\build\intermediates\transforms\dex\debug\folders\1000\10\com.android.support-support-v4-23.3.0_bec19e46c3dd920b2039f7db84474c12b47a8f34 C:\Users\Prat\AndroidStudioProjects\ContactsRanked\contactsranked\build\intermediates\exploded-aar\com.android.support\support-v4\23.3.0\jars\classes.jar
java_class_path (initial): C:\Users\Prat\AppData\Local\Android\sdk\build-tools\23.0.3\lib\dx.jar
Launcher Type: SUN_STANDARD

Environment Variables:
JAVA_HOME=C:\Program Files\Java\jdk1.8.0_77
PATH=C:\ProgramData\Oracle\Java\javapath;C:\MinGW\bin;C:\MinGW;C:\Program Files (x86)\Common Files\Intel\Shared Files\cpp\bin\Intel64;C:\Program Files (x86)\Intel\iCLS Client\;C:\Program Files\Intel\iCLS Client\;C:\WINDOWS\system32;C:\WINDOWS;C:\WINDOWS\System32\Wbem;C:\WINDOWS\System32\WindowsPowerShell\v1.0\;C:\Program Files\Intel\Intel(R) Management Engine Components\DAL;C:\Program Files\Intel\Intel(R) Management Engine Components\IPT;C:\Program Files (x86)\Intel\Intel(R) Management Engine Components\DAL;C:\Program Files (x86)\Intel\Intel(R) Management Engine Components\IPT;C:\Program Files (x86)\Intel\OpenCL SDK\2.0\bin\x86;C:\Program Files (x86)\Intel\OpenCL SDK\2.0\bin\x64;C:\Program Files (x86)\nodejs\;C:\Program Files (x86)\Java\jdk1.7.0_71\bin;C:\Program Files\Git\cmd;C:\Program Files\Git\bin;C:\Program Files\Git;C:\Users\Prat\AppData\Roaming\npm
USERNAME=Prat
OS=Windows_NT
PROCESSOR_IDENTIFIER=Intel64 Family 6 Model 58 Stepping 9, GenuineIntel



---------------  S Y S T E M  ---------------

OS: Windows 10.0 , 64 bit Build 10586 (10.0.10586.0)

CPU:total 4 (2 cores per cpu, 2 threads per core) family 6 model 58 stepping 9, cmov, cx8, fxsr, mmx, sse, sse2, sse3, ssse3, sse4.1, sse4.2, popcnt, avx, aes, clmul, erms, ht, tsc, tscinvbit, tscinv

Memory: 4k page, physical 4082972k(266692k free), swap 9202972k(5344k free)

vm_info: Java HotSpot(TM) 64-Bit Server VM (25.77-b03) for windows-amd64 JRE (1.8.0_77-b03), built on Mar 20 2016 22:01:33 by "java_re" with MS VC++ 10.0 (VS2010)

time: Wed May 11 23:08:43 2016
elapsed time: 7 seconds (0d 0h 0m 7s)

